<?xml version='1.0' encoding='UTF-8' ?>
<testsuite name="com.udacity.gradle.builditbigger.ApplicationTest" tests="4" failures="0" errors="0" skipped="0" time="0.49" timestamp="2016-05-30T12:49:20" hostname="localhost">
  <properties>
    <property name="device" value="Nexus_5_API_23(AVD) - 6.0" />
    <property name="flavor" value="PAID" />
    <property name="project" value="app" />
  </properties>
  <testcase name="testAndroidTestCaseSetupProperly" classname="com.udacity.gradle.builditbigger.ApplicationTest" time="0.0" />
  <testcase name="testApplicationTestCaseSetUpProperly" classname="com.udacity.gradle.builditbigger.ApplicationTest" time="0.0" />
  <testcase name="test" classname="com.udacity.gradle.builditbigger.NonEmptyJokeTest" time="0.482" />
  <testcase name="testAndroidTestCaseSetupProperly" classname="com.udacity.gradle.builditbigger.NonEmptyJokeTest" time="0.0" />
</testsuite>